2018-01-10 19:05:50,204 - INFO - Start
2018-01-10 19:05:50,204 - ERROR - 读取数据失败[Errno 2] No such file or directory: 'recode/data.txt'
2018-01-10 19:05:51,113 - INFO - 当前关键字PHP - 爬到第1页
2018-01-10 19:05:51,856 - INFO - 当前关键字PHP - 爬到第2页
2018-01-10 19:05:52,744 - INFO - 当前关键字PHP - 爬到第3页
2018-01-10 19:05:53,523 - INFO - 当前关键字PHP - 爬到第4页
2018-01-10 19:05:54,563 - INFO - 当前关键字PHP - 爬到第5页
2018-01-10 19:05:54,829 - ERROR - 关键字错误'content'
2018-01-10 19:06:56,447 - INFO - 当前关键字PHP - 爬到第6页
2018-01-10 19:06:57,415 - INFO - 当前关键字PHP - 爬到第7页
2018-01-10 19:06:58,285 - INFO - 当前关键字PHP - 爬到第8页
2018-01-10 19:06:59,392 - INFO - 当前关键字PHP - 爬到第9页
2018-01-10 19:07:00,239 - INFO - 当前关键字PHP - 爬到第10页
2018-01-10 19:07:00,373 - ERROR - 关键字错误'content'
2018-01-10 19:08:06,281 - INFO - 当前关键字PHP - 爬到第11页
2018-01-10 19:08:07,280 - INFO - 当前关键字PHP - 爬到第12页
2018-01-10 19:08:08,057 - INFO - 当前关键字PHP - 爬到第13页
2018-01-10 19:08:08,872 - INFO - 当前关键字PHP - 爬到第14页
2018-01-10 19:08:09,680 - INFO - 当前关键字PHP - 爬到第15页
2018-01-10 19:08:09,874 - ERROR - 关键字错误'content'
2018-01-10 19:09:12,517 - INFO - 当前关键字PHP - 爬到第16页
2018-01-10 19:09:13,376 - INFO - 当前关键字PHP - 爬到第17页
2018-01-10 19:09:14,584 - INFO - 当前关键字PHP - 爬到第18页
2018-01-10 19:09:15,477 - INFO - 当前关键字PHP - 爬到第19页
2018-01-10 19:09:16,765 - INFO - 当前关键字PHP - 爬到第20页
2018-01-10 19:09:16,923 - ERROR - 关键字错误'content'
2018-01-10 19:10:18,458 - INFO - 当前关键字PHP - 爬到第21页
2018-01-10 19:10:19,654 - INFO - 当前关键字PHP - 爬到第22页
2018-01-10 19:10:20,883 - INFO - 当前关键字PHP - 爬到第23页
2018-01-10 19:10:21,843 - INFO - 当前关键字PHP - 爬到第24页
2018-01-10 19:10:22,761 - INFO - 当前关键字PHP - 爬到第25页
2018-01-10 19:10:22,954 - ERROR - 关键字错误'content'
2018-01-10 19:11:26,987 - INFO - 当前关键字PHP - 爬到第26页
2018-01-10 19:11:28,201 - INFO - 当前关键字PHP - 爬到第27页
2018-01-10 19:11:29,213 - INFO - 当前关键字PHP - 爬到第28页
2018-01-10 19:11:30,072 - INFO - 当前关键字PHP - 爬到第29页
2018-01-10 19:11:31,238 - INFO - 当前关键字PHP - 爬到第30页
2018-01-10 19:11:31,420 - ERROR - 关键字错误'content'
2018-01-10 19:12:34,673 - INFO - 当前关键字PHP - 爬到第31页
2018-01-10 19:12:35,489 - INFO - 当前关键字PHP - 爬到第32页
2018-01-10 19:12:37,135 - INFO - 当前关键字PHP - 爬到第33页
2018-01-10 19:12:38,052 - INFO - 当前关键字PHP - 爬到第34页
2018-01-10 19:12:39,033 - INFO - 当前关键字PHP - 爬到第35页
2018-01-10 19:12:39,161 - ERROR - 关键字错误'content'
2018-01-10 19:13:47,297 - INFO - 当前关键字PHP - 爬到第36页
2018-01-10 19:13:48,312 - INFO - 当前关键字PHP - 爬到第37页
2018-01-10 19:13:49,585 - INFO - 当前关键字PHP - 爬到第38页
2018-01-10 19:13:50,405 - INFO - 当前关键字PHP - 爬到第39页
2018-01-10 19:13:51,236 - INFO - 当前关键字PHP - 爬到第40页
2018-01-10 19:13:51,415 - ERROR - 关键字错误'content'
2018-01-10 19:14:55,222 - INFO - 当前关键字PHP - 爬到第41页
2018-01-10 19:14:56,047 - INFO - 当前关键字PHP - 爬到第42页
2018-01-10 19:14:56,963 - INFO - 当前关键字PHP - 爬到第43页
2018-01-10 19:14:57,840 - INFO - 当前关键字PHP - 爬到第44页
2018-01-10 19:14:59,134 - INFO - 当前关键字PHP - 爬到第45页
2018-01-10 19:14:59,285 - ERROR - 关键字错误'content'
2018-01-10 19:16:04,649 - INFO - 当前关键字PHP - 爬到第46页
2018-01-10 19:16:05,897 - INFO - 当前关键字PHP - 爬到第47页
2018-01-10 19:16:06,891 - INFO - 当前关键字PHP - 爬到第48页
2018-01-10 19:16:08,180 - INFO - 当前关键字PHP - 爬到第49页
2018-01-10 19:16:09,052 - INFO - 当前关键字PHP - 爬到第50页
2018-01-10 19:16:09,214 - ERROR - 关键字错误'content'
2018-01-10 19:17:14,989 - INFO - 当前关键字PHP - 爬到第51页
2018-01-10 19:17:15,829 - INFO - 当前关键字PHP - 爬到第52页
2018-01-10 19:17:16,766 - INFO - 当前关键字PHP - 爬到第53页
2018-01-10 19:17:17,713 - INFO - 当前关键字PHP - 爬到第54页
2018-01-10 19:17:18,626 - INFO - 当前关键字PHP - 爬到第55页
2018-01-10 19:17:18,777 - ERROR - 关键字错误'content'
2018-01-10 19:18:19,830 - INFO - 当前关键字PHP - 爬到第56页
2018-01-10 19:18:21,390 - INFO - 当前关键字PHP - 爬到第57页
2018-01-10 19:18:23,040 - INFO - 当前关键字PHP - 爬到第58页
2018-01-10 19:18:23,921 - INFO - 当前关键字PHP - 爬到第59页
2018-01-10 19:18:24,867 - INFO - 当前关键字PHP - 爬到第60页
2018-01-10 19:18:25,000 - ERROR - 关键字错误'content'
2018-01-10 19:19:26,065 - INFO - 当前关键字PHP - 爬到第61页
2018-01-10 19:19:27,135 - INFO - 当前关键字PHP - 爬到第62页
2018-01-10 19:19:27,919 - INFO - 当前关键字PHP - 爬到第63页
2018-01-10 19:19:29,272 - INFO - 当前关键字PHP - 爬到第64页
2018-01-10 19:19:30,785 - INFO - 当前关键字PHP - 爬到第65页
2018-01-10 19:19:30,962 - ERROR - 关键字错误'content'
2018-01-10 19:20:33,154 - INFO - 当前关键字PHP - 爬到第66页
2018-01-10 19:20:34,013 - INFO - 当前关键字PHP - 爬到第67页
2018-01-10 19:20:34,970 - INFO - 当前关键字PHP - 爬到第68页
2018-01-10 19:20:35,811 - INFO - 当前关键字PHP - 爬到第69页
2018-01-10 19:20:37,065 - INFO - 当前关键字PHP - 爬到第70页
2018-01-10 19:20:37,202 - ERROR - 关键字错误'content'
2018-01-10 19:21:41,037 - INFO - 当前关键字PHP - 爬到第71页
2018-01-10 19:21:41,915 - INFO - 当前关键字PHP - 爬到第72页
2018-01-10 19:21:42,824 - INFO - 当前关键字PHP - 爬到第73页
2018-01-10 19:21:43,851 - INFO - 当前关键字PHP - 爬到第74页
2018-01-10 19:21:44,817 - INFO - 当前关键字PHP - 爬到第75页
2018-01-10 19:21:45,347 - ERROR - 关键字错误'content'
2018-01-10 19:22:50,307 - INFO - 当前关键字PHP - 爬到第76页
2018-01-10 19:22:51,273 - INFO - 当前关键字PHP - 爬到第77页
2018-01-10 19:22:52,384 - INFO - 当前关键字PHP - 爬到第78页
2018-01-10 19:22:53,368 - INFO - 当前关键字PHP - 爬到第79页
2018-01-10 19:22:54,392 - INFO - 当前关键字PHP - 爬到第80页
2018-01-10 19:22:54,608 - ERROR - 关键字错误'content'
2018-01-10 19:24:00,638 - INFO - 当前关键字PHP - 爬到第81页
2018-01-10 19:24:02,338 - INFO - 当前关键字PHP - 爬到第82页
2018-01-10 19:24:03,353 - INFO - 当前关键字PHP - 爬到第83页
2018-01-10 19:24:04,532 - INFO - 当前关键字PHP - 爬到第84页
2018-01-10 19:24:05,538 - INFO - 当前关键字PHP - 爬到第85页
2018-01-10 19:24:05,683 - ERROR - 关键字错误'content'
2018-01-10 19:25:09,967 - INFO - 当前关键字PHP - 爬到第86页
2018-01-10 19:25:12,511 - INFO - 当前关键字PHP - 爬到第87页
2018-01-10 19:25:14,512 - INFO - 当前关键字PHP - 爬到第88页
2018-01-10 19:25:26,644 - INFO - 当前关键字PHP - 爬到第89页
2018-01-10 19:25:28,134 - INFO - 当前关键字PHP - 爬到第90页
2018-01-10 19:25:28,453 - ERROR - 关键字错误'content'
2018-01-10 19:26:31,451 - INFO - 当前关键字PHP - 爬到第91页
2018-01-10 19:26:34,311 - INFO - 当前关键字PHP - 爬到第92页
2018-01-10 19:26:35,501 - INFO - 当前关键字PHP - 爬到第93页
2018-01-10 19:26:36,792 - INFO - 当前关键字PHP - 爬到第94页
2018-01-10 19:27:10,349 - INFO - 当前关键字PHP - 爬到第95页
2018-01-10 19:27:12,680 - ERROR - 关键字错误'content'
2018-01-10 19:28:15,736 - INFO - 当前关键字PHP - 爬到第96页
2018-01-10 19:28:17,214 - INFO - 当前关键字PHP - 爬到第97页
2018-01-10 19:28:19,951 - INFO - 当前关键字PHP - 爬到第98页
2018-01-10 19:28:23,104 - INFO - 当前关键字PHP - 爬到第99页
2018-01-10 19:28:25,125 - INFO - 当前关键字PHP - 爬到第100页
2018-01-10 19:28:25,638 - ERROR - 关键字错误'content'
2018-01-10 19:29:31,312 - INFO - 当前关键字PHP - 爬到第101页
2018-01-10 19:29:32,729 - INFO - 当前关键字PHP - 爬到第102页
2018-01-10 19:29:33,604 - INFO - 当前关键字PHP - 爬到第103页
2018-01-10 19:29:35,674 - INFO - 当前关键字PHP - 爬到第104页
2018-01-10 19:29:37,378 - INFO - 当前关键字PHP - 爬到第105页
2018-01-10 19:29:37,554 - ERROR - 关键字错误'content'
2018-01-10 19:30:44,887 - INFO - 当前关键字PHP - 爬到第106页
2018-01-10 19:30:50,099 - INFO - 当前关键字PHP - 爬到第107页
2018-01-10 19:30:51,915 - INFO - 当前关键字PHP - 爬到第108页
2018-01-10 19:30:53,069 - INFO - 当前关键字PHP - 爬到第109页
2018-01-10 19:30:56,156 - INFO - 当前关键字PHP - 爬到第110页
2018-01-10 19:30:59,163 - ERROR - 关键字错误'content'
2018-01-10 19:32:06,347 - INFO - 当前关键字PHP - 爬到第111页
2018-01-10 19:32:11,636 - INFO - 当前关键字PHP - 爬到第112页
2018-01-10 19:32:15,735 - INFO - 当前关键字PHP - 爬到第113页
2018-01-10 19:32:16,963 - INFO - 当前关键字PHP - 爬到第114页
2018-01-10 19:32:23,456 - INFO - 当前关键字PHP - 爬到第115页
2018-01-10 19:32:23,642 - ERROR - 关键字错误'content'
2018-01-10 19:33:24,742 - INFO - 当前关键字PHP - 爬到第116页
2018-01-10 19:33:27,807 - ERROR - 网络异常 ('Connection aborted.', ConnectionResetError(10054, '远程主机强迫关闭了一个现有的连接。', None, 10054, None))
2018-01-10 19:33:47,583 - INFO - 当前关键字PHP - 爬到第117页
2018-01-10 19:33:51,060 - INFO - 当前关键字PHP - 爬到第118页
2018-01-10 19:33:51,941 - INFO - 当前关键字PHP - 爬到第119页
2018-01-10 19:33:56,106 - INFO - 当前关键字PHP - 爬到第120页
2018-01-10 19:33:56,751 - ERROR - 关键字错误'content'
2018-01-10 19:35:57,287 - INFO - 当前关键字PHP - 爬到第121页
2018-01-10 19:35:58,185 - INFO - 当前关键字PHP - 爬到第122页
2018-01-10 19:36:00,291 - INFO - 当前关键字PHP - 爬到第123页
2018-01-10 19:36:01,224 - INFO - 当前关键字PHP - 爬到第124页
2018-01-10 19:36:02,023 - INFO - 当前关键字PHP - 爬到第125页
2018-01-10 19:36:03,676 - INFO - 当前关键字PHP - 爬到第126页
2018-01-10 19:36:04,715 - INFO - 当前关键字PHP - 爬到第127页
2018-01-10 19:36:06,553 - INFO - 当前关键字PHP - 爬到第128页
2018-01-10 19:36:07,226 - ERROR - 关键字错误'content'
2018-01-10 19:37:10,170 - INFO - 当前关键字PHP - 爬到第129页
2018-01-10 19:37:11,481 - INFO - 当前关键字PHP - 爬到第130页
2018-01-10 19:37:12,311 - INFO - 当前关键字PHP - 爬到第131页
2018-01-10 19:37:13,622 - INFO - 当前关键字PHP - 爬到第132页
2018-01-10 19:37:14,871 - INFO - 当前关键字PHP - 爬到第133页
2018-01-10 19:37:15,285 - ERROR - 关键字错误'content'
2018-01-10 19:38:26,128 - INFO - 当前关键字PHP - 爬到第134页
2018-01-10 19:38:26,897 - INFO - 当前关键字PHP - 爬到第135页
2018-01-10 19:38:28,825 - INFO - 当前关键字PHP - 爬到第136页
2018-01-10 19:38:30,233 - INFO - 当前关键字PHP - 爬到第137页
2018-01-10 19:38:31,291 - INFO - 当前关键字PHP - 爬到第138页
2018-01-10 19:38:31,439 - ERROR - 关键字错误'content'
2018-01-10 19:39:32,815 - INFO - 当前关键字PHP - 爬到第139页
2018-01-10 19:39:33,619 - INFO - 当前关键字PHP - 爬到第140页
2018-01-10 19:39:34,446 - INFO - 当前关键字PHP - 爬到第141页
2018-01-10 19:39:35,264 - INFO - 当前关键字PHP - 爬到第142页
2018-01-10 19:39:36,484 - INFO - 当前关键字PHP - 爬到第143页
2018-01-10 19:39:36,600 - ERROR - 关键字错误'content'
2018-01-10 19:40:56,938 - INFO - 当前关键字PHP - 爬到第144页
2018-01-10 19:41:05,455 - INFO - 当前关键字PHP - 爬到第145页
2018-01-10 19:41:16,867 - INFO - 当前关键字PHP - 爬到第146页
2018-01-10 19:41:18,530 - INFO - 当前关键字PHP - 爬到第147页
2018-01-10 19:41:32,803 - INFO - 当前关键字PHP - 爬到第148页
2018-01-10 19:43:01,411 - ERROR - 用户外部中断，Ctrl+C，记录数据
2018-01-10 20:23:40,302 - INFO - Start
2018-01-10 20:23:41,967 - INFO - 当前关键字PHP - 爬到第149页
2018-01-10 20:23:43,914 - INFO - 当前关键字PHP - 爬到第150页
2018-01-10 20:23:44,681 - INFO - 当前关键字PHP - 爬到第151页
2018-01-10 20:23:46,590 - INFO - 当前关键字PHP - 爬到第152页
2018-01-10 20:23:47,485 - INFO - 当前关键字PHP - 爬到第153页
2018-01-10 20:23:47,637 - ERROR - 关键字错误'content'
2018-01-10 20:24:35,546 - ERROR - 用户外部中断，Ctrl+C，记录数据
2018-01-10 20:27:06,096 - INFO - Start
2018-01-10 20:27:08,364 - INFO - 当前关键字PHP - 爬到第154页
2018-01-10 20:27:09,233 - INFO - 当前关键字PHP - 爬到第155页
2018-01-10 20:27:10,779 - INFO - 当前关键字PHP - 爬到第156页
2018-01-10 20:27:12,185 - INFO - 当前关键字PHP - 爬到第157页
2018-01-10 20:27:14,811 - INFO - 当前关键字PHP - 爬到第158页
2018-01-10 20:27:14,962 - ERROR - 关键字错误'content'
2018-01-10 20:27:35,049 - ERROR - 用户外部中断，Ctrl+C，记录数据
2018-01-10 20:32:23,644 - INFO - Start
2018-01-10 20:32:25,108 - INFO - 当前关键字PHP - 爬到第159页
2018-01-10 20:32:25,935 - INFO - 当前关键字PHP - 爬到第160页
2018-01-10 20:32:26,834 - INFO - 当前关键字PHP - 爬到第161页
2018-01-10 20:32:27,751 - INFO - 当前关键字PHP - 爬到第162页
2018-01-10 20:32:29,289 - INFO - 当前关键字PHP - 爬到第163页
2018-01-10 20:32:29,715 - ERROR - 关键字错误'content'
